[01m[K/home/hilal/ros2_ws/src/turtle_flower_cpp/src/flower_drawer.cpp:3:10:[m[K [01;31m[Kfatal error: [m[Kturtlesim/srv/set_pen.hpp: No such file or directory
    3 | #include [01;31m[K"turtlesim/srv/set_pen.hpp"[m[K
      |          [01;31m[K^~~~~~~~~~~~~~~~~~~~~~~~~~~[m[K
compilation terminated.
gmake[2]: *** [CMakeFiles/flower_drawer.dir/build.make:76: CMakeFiles/flower_drawer.dir/src/flower_drawer.cpp.o] Error 1
gmake[1]: *** [CMakeFiles/Makefile2:137: CMakeFiles/flower_drawer.dir/all] Error 2
gmake: *** [Makefile:146: all] Error 2
