[0.006s] Invoking command in '/home/hilal/ros2_ws/build/turtle_flower_cpp': CMAKE_PREFIX_PATH=${CMAKE_PREFIX_PATH}:/opt/ros/humble /usr/bin/cmake /home/hilal/ros2_ws/src/turtle_flower_cpp -DCMAKE_INSTALL_PREFIX=/home/hilal/ros2_ws/install/turtle_flower_cpp
[0.083s] -- The C compiler identification is GNU 11.4.0
[0.139s] -- The CXX compiler identification is GNU 11.4.0
[0.147s] -- Detecting C compiler ABI info
[0.212s] -- Detecting C compiler ABI info - done
[0.218s] -- Check for working C compiler: /usr/bin/cc - skipped
[0.218s] -- Detecting C compile features
[0.219s] -- Detecting C compile features - done
[0.222s] -- Detecting CXX compiler ABI info
[0.279s] -- Detecting CXX compiler ABI info - done
[0.284s] -- Check for working CXX compiler: /usr/bin/c++ - skipped
[0.284s] -- Detecting CXX compile features
[0.284s] -- Detecting CXX compile features - done
[0.287s] -- Found ament_cmake: 1.3.12 (/opt/ros/humble/share/ament_cmake/cmake)
[0.385s] -- Found Python3: /usr/bin/python3 (found version "3.10.12") found components: Interpreter 
[0.465s] -- Found rclcpp: 16.0.15 (/opt/ros/humble/share/rclcpp/cmake)
[0.502s] -- Found rosidl_generator_c: 3.1.7 (/opt/ros/humble/share/rosidl_generator_c/cmake)
[0.505s] -- Found rosidl_adapter: 3.1.7 (/opt/ros/humble/share/rosidl_adapter/cmake)
[0.512s] -- Found rosidl_generator_cpp: 3.1.7 (/opt/ros/humble/share/rosidl_generator_cpp/cmake)
[0.521s] -- Using all available rosidl_typesupport_c: rosidl_typesupport_fastrtps_c;rosidl_typesupport_introspection_c
[0.534s] -- Using all available rosidl_typesupport_cpp: rosidl_typesupport_fastrtps_cpp;rosidl_typesupport_introspection_cpp
[0.567s] -- Found rmw_implementation_cmake: 6.1.2 (/opt/ros/humble/share/rmw_implementation_cmake/cmake)
[0.569s] -- Found rmw_fastrtps_cpp: 6.2.9 (/opt/ros/humble/share/rmw_fastrtps_cpp/cmake)
[0.626s] -- Found OpenSSL: /usr/lib/x86_64-linux-gnu/libcrypto.so (found version "3.0.2")  
[0.643s] -- Found FastRTPS: /opt/ros/humble/include  
[0.665s] -- Using RMW implementation 'rmw_fastrtps_cpp' as default
[0.671s] -- Looking for pthread.h
[0.720s] -- Looking for pthread.h - found
[0.720s] -- Performing Test CMAKE_HAVE_LIBC_PTHREAD
[0.771s] -- Performing Test CMAKE_HAVE_LIBC_PTHREAD - Success
[0.772s] -- Found Threads: TRUE  
[0.809s] -- Found geometry_msgs: 4.9.0 (/opt/ros/humble/share/geometry_msgs/cmake)
[0.858s] -- Configuring done
[0.863s] -- Generating done
[0.866s] -- Build files have been written to: /home/hilal/ros2_ws/build/turtle_flower_cpp
[0.873s] Invoked command in '/home/hilal/ros2_ws/build/turtle_flower_cpp' returned '0': CMAKE_PREFIX_PATH=${CMAKE_PREFIX_PATH}:/opt/ros/humble /usr/bin/cmake /home/hilal/ros2_ws/src/turtle_flower_cpp -DCMAKE_INSTALL_PREFIX=/home/hilal/ros2_ws/install/turtle_flower_cpp
[0.873s] Invoking command in '/home/hilal/ros2_ws/build/turtle_flower_cpp': CMAKE_PREFIX_PATH=${CMAKE_PREFIX_PATH}:/opt/ros/humble /usr/bin/cmake --build /home/hilal/ros2_ws/build/turtle_flower_cpp -- -j8 -l8
[0.907s] [ 50%] [32mBuilding CXX object CMakeFiles/flower_drawer.dir/src/flower_drawer.cpp.o[0m
[1.024s] [01m[K/home/hilal/ros2_ws/src/turtle_flower_cpp/src/flower_drawer.cpp:3:10:[m[K [01;31m[Kfatal error: [m[Kturtlesim/srv/set_pen.hpp: No such file or directory
[1.024s]     3 | #include [01;31m[K"turtlesim/srv/set_pen.hpp"[m[K
[1.024s]       |          [01;31m[K^~~~~~~~~~~~~~~~~~~~~~~~~~~[m[K
[1.024s] compilation terminated.
[1.031s] gmake[2]: *** [CMakeFiles/flower_drawer.dir/build.make:76: CMakeFiles/flower_drawer.dir/src/flower_drawer.cpp.o] Error 1
[1.031s] gmake[1]: *** [CMakeFiles/Makefile2:137: CMakeFiles/flower_drawer.dir/all] Error 2
[1.031s] gmake: *** [Makefile:146: all] Error 2
[1.033s] Invoked command in '/home/hilal/ros2_ws/build/turtle_flower_cpp' returned '2': CMAKE_PREFIX_PATH=${CMAKE_PREFIX_PATH}:/opt/ros/humble /usr/bin/cmake --build /home/hilal/ros2_ws/build/turtle_flower_cpp -- -j8 -l8
