[35m[1mConsolidate compiler generated dependencies of target flower_drawer[0m
[ 50%] [32mBuilding CXX object CMakeFiles/flower_drawer.dir/src/flower_drawer.cpp.o[0m
In file included from [01m[K/opt/ros/humble/include/rclcpp/rclcpp/client.hpp:40[m[K,
                 from [01m[K/opt/ros/humble/include/rclcpp/rclcpp/callback_group.hpp:24[m[K,
                 from [01m[K/opt/ros/humble/include/rclcpp/rclcpp/any_executable.hpp:20[m[K,
                 from [01m[K/opt/ros/humble/include/rclcpp/rclcpp/memory_strategy.hpp:25[m[K,
                 from [01m[K/opt/ros/humble/include/rclcpp/rclcpp/memory_strategies.hpp:18[m[K,
                 from [01m[K/opt/ros/humble/include/rclcpp/rclcpp/executor_options.hpp:20[m[K,
                 from [01m[K/opt/ros/humble/include/rclcpp/rclcpp/executor.hpp:37[m[K,
                 from [01m[K/opt/ros/humble/include/rclcpp/rclcpp/executors/multi_threaded_executor.hpp:25[m[K,
                 from [01m[K/opt/ros/humble/include/rclcpp/rclcpp/executors.hpp:21[m[K,
                 from [01m[K/opt/ros/humble/include/rclcpp/rclcpp/rclcpp.hpp:155[m[K,
                 from [01m[K/home/hilal/ros2_ws/src/turtle_flower_cpp/src/flower_drawer.cpp:1[m[K:
[01m[K/home/hilal/ros2_ws/src/turtle_flower_cpp/src/flower_drawer.cpp:[m[K In member function â€˜[01m[Kvoid TurtleFlower::set_pen(bool)[m[Kâ€™:
[01m[K/home/hilal/ros2_ws/src/turtle_flower_cpp/src/flower_drawer.cpp:36:25:[m[K [01;31m[Kerror: [m[Kâ€˜[01m[Kthiss[m[Kâ€™ was not declared in this scope; did you mean â€˜[01m[Kthis[m[Kâ€™?
   36 |             RCLCPP_INFO([01;31m[Kthiss[m[K+->get_logger());
      |                         [01;31m[K^~~~~[m[K
[01m[K/home/hilal/ros2_ws/src/turtle_flower_cpp/src/flower_drawer.cpp:36:31:[m[K [01;31m[Kerror: [m[Kexpected primary-expression before â€˜[01m[K->[m[Kâ€™ token
   36 |             RCLCPP_INFO(thiss+[01;31m[K->[m[Kget_logger());
      |                               [01;31m[K^~[m[K
[01m[K/home/hilal/ros2_ws/src/turtle_flower_cpp/src/flower_drawer.cpp:36:13:[m[K [01;31m[Kerror: [m[Ktemplate argument 1 is invalid
   36 |             [01;31m[KRCLCPP_INFO[m[K(thiss+->get_logger());
      |             [01;31m[K^~~~~~~~~~~[m[K
In file included from [01m[K/opt/ros/humble/include/rclcpp/rclcpp/logging.hpp:24[m[K,
                 from [01m[K/opt/ros/humble/include/rclcpp/rclcpp/client.hpp:40[m[K,
                 from [01m[K/opt/ros/humble/include/rclcpp/rclcpp/callback_group.hpp:24[m[K,
                 from [01m[K/opt/ros/humble/include/rclcpp/rclcpp/any_executable.hpp:20[m[K,
                 from [01m[K/opt/ros/humble/include/rclcpp/rclcpp/memory_strategy.hpp:25[m[K,
                 from [01m[K/opt/ros/humble/include/rclcpp/rclcpp/memory_strategies.hpp:18[m[K,
                 from [01m[K/opt/ros/humble/include/rclcpp/rclcpp/executor_options.hpp:20[m[K,
                 from [01m[K/opt/ros/humble/include/rclcpp/rclcpp/executor.hpp:37[m[K,
                 from [01m[K/opt/ros/humble/include/rclcpp/rclcpp/executors/multi_threaded_executor.hpp:25[m[K,
                 from [01m[K/opt/ros/humble/include/rclcpp/rclcpp/executors.hpp:21[m[K,
                 from [01m[K/opt/ros/humble/include/rclcpp/rclcpp/rclcpp.hpp:155[m[K,
                 from [01m[K/home/hilal/ros2_ws/src/turtle_flower_cpp/src/flower_drawer.cpp:1[m[K:
[01m[K/home/hilal/ros2_ws/src/turtle_flower_cpp/src/flower_drawer.cpp:36:31:[m[K [01;31m[Kerror: [m[Kexpected primary-expression before â€˜[01m[K->[m[Kâ€™ token
   36 |             RCLCPP_INFO(thiss+[01;31m[K->[m[Kget_logger());
      |                               [01;31m[K^~[m[K
[01m[K/home/hilal/ros2_ws/src/turtle_flower_cpp/src/flower_drawer.cpp:36:31:[m[K [01;31m[Kerror: [m[Kexpected primary-expression before â€˜[01m[K->[m[Kâ€™ token
   36 |             RCLCPP_INFO(thiss+[01;31m[K->[m[Kget_logger());
      |                               [01;31m[K^~[m[K
[01m[K/home/hilal/ros2_ws/src/turtle_flower_cpp/src/flower_drawer.cpp:36:13:[m[K [01;31m[Kerror: [m[Kexpected primary-expression before â€˜[01m[K)[m[Kâ€™ token
   36 |             [01;31m[KRCLCPP_INFO[m[K(thiss+->get_logger());
      |             [01;31m[K^~~~~~~~~~~[m[K
gmake[2]: *** [CMakeFiles/flower_drawer.dir/build.make:76: CMakeFiles/flower_drawer.dir/src/flower_drawer.cpp.o] Error 1
gmake[1]: *** [CMakeFiles/Makefile2:137: CMakeFiles/flower_drawer.dir/all] Error 2
gmake: *** [Makefile:146: all] Error 2
