[0.008s] Invoking command in '/home/hilal/ros2_ws/build/turtle_flower_cpp': CMAKE_PREFIX_PATH=${CMAKE_PREFIX_PATH}:/opt/ros/humble /usr/bin/cmake --build /home/hilal/ros2_ws/build/turtle_flower_cpp -- -j8 -l8
[0.034s] [35m[1mConsolidate compiler generated dependencies of target flower_drawer[0m
[0.046s] [ 50%] [32mBuilding CXX object CMakeFiles/flower_drawer.dir/src/flower_drawer.cpp.o[0m
[1.631s] In file included from [01m[K/opt/ros/humble/include/rclcpp/rclcpp/client.hpp:40[m[K,
[1.631s]                  from [01m[K/opt/ros/humble/include/rclcpp/rclcpp/callback_group.hpp:24[m[K,
[1.631s]                  from [01m[K/opt/ros/humble/include/rclcpp/rclcpp/any_executable.hpp:20[m[K,
[1.632s]                  from [01m[K/opt/ros/humble/include/rclcpp/rclcpp/memory_strategy.hpp:25[m[K,
[1.632s]                  from [01m[K/opt/ros/humble/include/rclcpp/rclcpp/memory_strategies.hpp:18[m[K,
[1.632s]                  from [01m[K/opt/ros/humble/include/rclcpp/rclcpp/executor_options.hpp:20[m[K,
[1.632s]                  from [01m[K/opt/ros/humble/include/rclcpp/rclcpp/executor.hpp:37[m[K,
[1.632s]                  from [01m[K/opt/ros/humble/include/rclcpp/rclcpp/executors/multi_threaded_executor.hpp:25[m[K,
[1.632s]                  from [01m[K/opt/ros/humble/include/rclcpp/rclcpp/executors.hpp:21[m[K,
[1.632s]                  from [01m[K/opt/ros/humble/include/rclcpp/rclcpp/rclcpp.hpp:155[m[K,
[1.632s]                  from [01m[K/home/hilal/ros2_ws/src/turtle_flower_cpp/src/flower_drawer.cpp:1[m[K:
[1.632s] [01m[K/home/hilal/ros2_ws/src/turtle_flower_cpp/src/flower_drawer.cpp:[m[K In member function â€˜[01m[Kvoid TurtleFlower::set_pen(bool)[m[Kâ€™:
[1.632s] [01m[K/home/hilal/ros2_ws/src/turtle_flower_cpp/src/flower_drawer.cpp:36:25:[m[K [01;31m[Kerror: [m[Kâ€˜[01m[Kthiss[m[Kâ€™ was not declared in this scope; did you mean â€˜[01m[Kthis[m[Kâ€™?
[1.632s]    36 |             RCLCPP_INFO([01;31m[Kthiss[m[K+->get_logger());
[1.632s]       |                         [01;31m[K^~~~~[m[K
[1.632s] [01m[K/home/hilal/ros2_ws/src/turtle_flower_cpp/src/flower_drawer.cpp:36:31:[m[K [01;31m[Kerror: [m[Kexpected primary-expression before â€˜[01m[K->[m[Kâ€™ token
[1.632s]    36 |             RCLCPP_INFO(thiss+[01;31m[K->[m[Kget_logger());
[1.632s]       |                               [01;31m[K^~[m[K
[1.632s] [01m[K/home/hilal/ros2_ws/src/turtle_flower_cpp/src/flower_drawer.cpp:36:13:[m[K [01;31m[Kerror: [m[Ktemplate argument 1 is invalid
[1.632s]    36 |             [01;31m[KRCLCPP_INFO[m[K(thiss+->get_logger());
[1.632s]       |             [01;31m[K^~~~~~~~~~~[m[K
[1.632s] In file included from [01m[K/opt/ros/humble/include/rclcpp/rclcpp/logging.hpp:24[m[K,
[1.632s]                  from [01m[K/opt/ros/humble/include/rclcpp/rclcpp/client.hpp:40[m[K,
[1.632s]                  from [01m[K/opt/ros/humble/include/rclcpp/rclcpp/callback_group.hpp:24[m[K,
[1.632s]                  from [01m[K/opt/ros/humble/include/rclcpp/rclcpp/any_executable.hpp:20[m[K,
[1.632s]                  from [01m[K/opt/ros/humble/include/rclcpp/rclcpp/memory_strategy.hpp:25[m[K,
[1.632s]                  from [01m[K/opt/ros/humble/include/rclcpp/rclcpp/memory_strategies.hpp:18[m[K,
[1.632s]                  from [01m[K/opt/ros/humble/include/rclcpp/rclcpp/executor_options.hpp:20[m[K,
[1.632s]                  from [01m[K/opt/ros/humble/include/rclcpp/rclcpp/executor.hpp:37[m[K,
[1.633s]                  from [01m[K/opt/ros/humble/include/rclcpp/rclcpp/executors/multi_threaded_executor.hpp:25[m[K,
[1.633s]                  from [01m[K/opt/ros/humble/include/rclcpp/rclcpp/executors.hpp:21[m[K,
[1.633s]                  from [01m[K/opt/ros/humble/include/rclcpp/rclcpp/rclcpp.hpp:155[m[K,
[1.633s]                  from [01m[K/home/hilal/ros2_ws/src/turtle_flower_cpp/src/flower_drawer.cpp:1[m[K:
[1.633s] [01m[K/home/hilal/ros2_ws/src/turtle_flower_cpp/src/flower_drawer.cpp:36:31:[m[K [01;31m[Kerror: [m[Kexpected primary-expression before â€˜[01m[K->[m[Kâ€™ token
[1.633s]    36 |             RCLCPP_INFO(thiss+[01;31m[K->[m[Kget_logger());
[1.633s]       |                               [01;31m[K^~[m[K
[1.633s] [01m[K/home/hilal/ros2_ws/src/turtle_flower_cpp/src/flower_drawer.cpp:36:31:[m[K [01;31m[Kerror: [m[Kexpected primary-expression before â€˜[01m[K->[m[Kâ€™ token
[1.633s]    36 |             RCLCPP_INFO(thiss+[01;31m[K->[m[Kget_logger());
[1.633s]       |                               [01;31m[K^~[m[K
[1.633s] [01m[K/home/hilal/ros2_ws/src/turtle_flower_cpp/src/flower_drawer.cpp:36:13:[m[K [01;31m[Kerror: [m[Kexpected primary-expression before â€˜[01m[K)[m[Kâ€™ token
[1.633s]    36 |             [01;31m[KRCLCPP_INFO[m[K(thiss+->get_logger());
[1.633s]       |             [01;31m[K^~~~~~~~~~~[m[K
[2.242s] gmake[2]: *** [CMakeFiles/flower_drawer.dir/build.make:76: CMakeFiles/flower_drawer.dir/src/flower_drawer.cpp.o] Error 1
[2.242s] gmake[1]: *** [CMakeFiles/Makefile2:137: CMakeFiles/flower_drawer.dir/all] Error 2
[2.242s] gmake: *** [Makefile:146: all] Error 2
[2.244s] Invoked command in '/home/hilal/ros2_ws/build/turtle_flower_cpp' returned '2': CMAKE_PREFIX_PATH=${CMAKE_PREFIX_PATH}:/opt/ros/humble /usr/bin/cmake --build /home/hilal/ros2_ws/build/turtle_flower_cpp -- -j8 -l8
