In file included from [01m[K/opt/ros/humble/include/rclcpp/rclcpp/client.hpp:40[m[K,
                 from [01m[K/opt/ros/humble/include/rclcpp/rclcpp/callback_group.hpp:24[m[K,
                 from [01m[K/opt/ros/humble/include/rclcpp/rclcpp/any_executable.hpp:20[m[K,
                 from [01m[K/opt/ros/humble/include/rclcpp/rclcpp/memory_strategy.hpp:25[m[K,
                 from [01m[K/opt/ros/humble/include/rclcpp/rclcpp/memory_strategies.hpp:18[m[K,
                 from [01m[K/opt/ros/humble/include/rclcpp/rclcpp/executor_options.hpp:20[m[K,
                 from [01m[K/opt/ros/humble/include/rclcpp/rclcpp/executor.hpp:37[m[K,
                 from [01m[K/opt/ros/humble/include/rclcpp/rclcpp/executors/multi_threaded_executor.hpp:25[m[K,
                 from [01m[K/opt/ros/humble/include/rclcpp/rclcpp/executors.hpp:21[m[K,
                 from [01m[K/opt/ros/humble/include/rclcpp/rclcpp/rclcpp.hpp:155[m[K,
                 from [01m[K/home/hilal/ros2_ws/src/turtle_flower_cpp/src/flower_drawer.cpp:1[m[K:
[01m[K/home/hilal/ros2_ws/src/turtle_flower_cpp/src/flower_drawer.cpp:[m[K In member function â€˜[01m[Kvoid TurtleFlower::set_pen(bool)[m[Kâ€™:
[01m[K/home/hilal/ros2_ws/src/turtle_flower_cpp/src/flower_drawer.cpp:36:25:[m[K [01;31m[Kerror: [m[Kâ€˜[01m[Kthiss[m[Kâ€™ was not declared in this scope; did you mean â€˜[01m[Kthis[m[Kâ€™?
   36 |             RCLCPP_INFO([01;31m[Kthiss[m[K+->get_logger());
      |                         [01;31m[K^~~~~[m[K
[01m[K/home/hilal/ros2_ws/src/turtle_flower_cpp/src/flower_drawer.cpp:36:31:[m[K [01;31m[Kerror: [m[Kexpected primary-expression before â€˜[01m[K->[m[Kâ€™ token
   36 |             RCLCPP_INFO(thiss+[01;31m[K->[m[Kget_logger());
      |                               [01;31m[K^~[m[K
[01m[K/home/hilal/ros2_ws/src/turtle_flower_cpp/src/flower_drawer.cpp:36:13:[m[K [01;31m[Kerror: [m[Ktemplate argument 1 is invalid
   36 |             [01;31m[KRCLCPP_INFO[m[K(thiss+->get_logger());
      |             [01;31m[K^~~~~~~~~~~[m[K
In file included from [01m[K/opt/ros/humble/include/rclcpp/rclcpp/logging.hpp:24[m[K,
                 from [01m[K/opt/ros/humble/include/rclcpp/rclcpp/client.hpp:40[m[K,
                 from [01m[K/opt/ros/humble/include/rclcpp/rclcpp/callback_group.hpp:24[m[K,
                 from [01m[K/opt/ros/humble/include/rclcpp/rclcpp/any_executable.hpp:20[m[K,
                 from [01m[K/opt/ros/humble/include/rclcpp/rclcpp/memory_strategy.hpp:25[m[K,
                 from [01m[K/opt/ros/humble/include/rclcpp/rclcpp/memory_strategies.hpp:18[m[K,
                 from [01m[K/opt/ros/humble/include/rclcpp/rclcpp/executor_options.hpp:20[m[K,
                 from [01m[K/opt/ros/humble/include/rclcpp/rclcpp/executor.hpp:37[m[K,
                 from [01m[K/opt/ros/humble/include/rclcpp/rclcpp/executors/multi_threaded_executor.hpp:25[m[K,
                 from [01m[K/opt/ros/humble/include/rclcpp/rclcpp/executors.hpp:21[m[K,
                 from [01m[K/opt/ros/humble/include/rclcpp/rclcpp/rclcpp.hpp:155[m[K,
                 from [01m[K/home/hilal/ros2_ws/src/turtle_flower_cpp/src/flower_drawer.cpp:1[m[K:
[01m[K/home/hilal/ros2_ws/src/turtle_flower_cpp/src/flower_drawer.cpp:36:31:[m[K [01;31m[Kerror: [m[Kexpected primary-expression before â€˜[01m[K->[m[Kâ€™ token
   36 |             RCLCPP_INFO(thiss+[01;31m[K->[m[Kget_logger());
      |                               [01;31m[K^~[m[K
[01m[K/home/hilal/ros2_ws/src/turtle_flower_cpp/src/flower_drawer.cpp:36:31:[m[K [01;31m[Kerror: [m[Kexpected primary-expression before â€˜[01m[K->[m[Kâ€™ token
   36 |             RCLCPP_INFO(thiss+[01;31m[K->[m[Kget_logger());
      |                               [01;31m[K^~[m[K
[01m[K/home/hilal/ros2_ws/src/turtle_flower_cpp/src/flower_drawer.cpp:36:13:[m[K [01;31m[Kerror: [m[Kexpected primary-expression before â€˜[01m[K)[m[Kâ€™ token
   36 |             [01;31m[KRCLCPP_INFO[m[K(thiss+->get_logger());
      |             [01;31m[K^~~~~~~~~~~[m[K
[01m[K/home/hilal/ros2_ws/src/turtle_flower_cpp/src/flower_drawer.cpp:40:21:[m[K [01;35m[Kwarning: [m[Kvalue computed is not used [[01;35m[K]8;;https://gcc.gnu.org/onlinedocs/gcc/Warning-Options.html#index-Wunused-value-Wunused-value]8;;[m[K]
   40 |         [01;35m[Krequest-> r == 255[m[K;
      |         [01;35m[K~~~~~~~~~~~~^~~~~~[m[K
[01m[K/home/hilal/ros2_ws/src/turtle_flower_cpp/src/flower_drawer.cpp:41:21:[m[K [01;35m[Kwarning: [m[Kvalue computed is not used [[01;35m[K]8;;https://gcc.gnu.org/onlinedocs/gcc/Warning-Options.html#index-Wunused-value-Wunused-value]8;;[m[K]
   41 |         [01;35m[Krequest-> g == 255[m[K;
      |         [01;35m[K~~~~~~~~~~~~^~~~~~[m[K
[01m[K/home/hilal/ros2_ws/src/turtle_flower_cpp/src/flower_drawer.cpp:42:21:[m[K [01;35m[Kwarning: [m[Kvalue computed is not used [[01;35m[K]8;;https://gcc.gnu.org/onlinedocs/gcc/Warning-Options.html#index-Wunused-value-Wunused-value]8;;[m[K]
   42 |         [01;35m[Krequest-> b == 255[m[K;
      |         [01;35m[K~~~~~~~~~~~~^~~~~~[m[K
[01m[K/home/hilal/ros2_ws/src/turtle_flower_cpp/src/flower_drawer.cpp:43:25:[m[K [01;35m[Kwarning: [m[Kvalue computed is not used [[01;35m[K]8;;https://gcc.gnu.org/onlinedocs/gcc/Warning-Options.html#index-Wunused-value-Wunused-value]8;;[m[K]
   43 |         [01;35m[Krequest-> width == 2[m[K;
      |         [01;35m[K~~~~~~~~~~~~~~~~^~~~[m[K
[01m[K/home/hilal/ros2_ws/src/turtle_flower_cpp/src/flower_drawer.cpp:44:19:[m[K [01;31m[Kerror: [m[Kâ€˜[01m[Kusing element_type = struct turtlesim::srv::SetPen_Request_<std::allocator<void> >[m[Kâ€™ {aka â€˜[01m[Kstruct turtlesim::srv::SetPen_Request_<std::allocator<void> >[m[Kâ€™} has no member named â€˜[01m[Ksetpen[m[Kâ€™
   44 |         request-> [01;31m[Ksetpen[m[K == off;
      |                   [01;31m[K^~~~~~[m[K
[01m[K/home/hilal/ros2_ws/src/turtle_flower_cpp/src/flower_drawer.cpp:44:29:[m[K [01;31m[Kerror: [m[Kâ€˜[01m[Koff[m[Kâ€™ was not declared in this scope
   44 |         request-> setpen == [01;31m[Koff[m[K;
      |                             [01;31m[K^~~[m[K
[01m[K/home/hilal/ros2_ws/src/turtle_flower_cpp/src/flower_drawer.cpp:32:23:[m[K [01;35m[Kwarning: [m[Kunused parameter â€˜[01m[Ksetpen[m[Kâ€™ [[01;35m[K]8;;https://gcc.gnu.org/onlinedocs/gcc/Warning-Options.html#index-Wunused-parameter-Wunused-parameter]8;;[m[K]
   32 |     void set_pen([01;35m[Kbool setpen[m[K)
      |                  [01;35m[K~~~~~^~~~~~[m[K
gmake[2]: *** [CMakeFiles/flower_drawer.dir/build.make:76: CMakeFiles/flower_drawer.dir/src/flower_drawer.cpp.o] Error 1
gmake[1]: *** [CMakeFiles/Makefile2:137: CMakeFiles/flower_drawer.dir/all] Error 2
gmake: *** [Makefile:146: all] Error 2
