[0.007s] Invoking command in '/home/hilal/ros2_ws/build/turtle_flower_cpp': CMAKE_PREFIX_PATH=${CMAKE_PREFIX_PATH}:/opt/ros/humble /usr/bin/cmake --build /home/hilal/ros2_ws/build/turtle_flower_cpp -- -j8 -l8
[0.023s] -- Found ament_cmake: 1.3.12 (/opt/ros/humble/share/ament_cmake/cmake)
[0.107s] -- Found rclcpp: 16.0.15 (/opt/ros/humble/share/rclcpp/cmake)
[0.124s] -- Found rosidl_generator_c: 3.1.7 (/opt/ros/humble/share/rosidl_generator_c/cmake)
[0.125s] -- Found rosidl_adapter: 3.1.7 (/opt/ros/humble/share/rosidl_adapter/cmake)
[0.130s] -- Found rosidl_generator_cpp: 3.1.7 (/opt/ros/humble/share/rosidl_generator_cpp/cmake)
[0.135s] -- Using all available rosidl_typesupport_c: rosidl_typesupport_fastrtps_c;rosidl_typesupport_introspection_c
[0.142s] -- Using all available rosidl_typesupport_cpp: rosidl_typesupport_fastrtps_cpp;rosidl_typesupport_introspection_cpp
[0.164s] -- Found rmw_implementation_cmake: 6.1.2 (/opt/ros/humble/share/rmw_implementation_cmake/cmake)
[0.165s] -- Found rmw_fastrtps_cpp: 6.2.9 (/opt/ros/humble/share/rmw_fastrtps_cpp/cmake)
[0.223s] -- Using RMW implementation 'rmw_fastrtps_cpp' as default
[0.254s] -- Found geometry_msgs: 4.9.0 (/opt/ros/humble/share/geometry_msgs/cmake)
[0.269s] -- Found turtlesim: 1.4.3 (/opt/ros/humble/share/turtlesim/cmake)
[0.344s] -- Configuring done
[0.351s] -- Generating done
[0.353s] -- Build files have been written to: /home/hilal/ros2_ws/build/turtle_flower_cpp
[0.377s] [ 50%] [32mBuilding CXX object CMakeFiles/flower_drawer.dir/src/flower_drawer.cpp.o[0m
[2.001s] In file included from [01m[K/opt/ros/humble/include/rclcpp/rclcpp/client.hpp:40[m[K,
[2.001s]                  from [01m[K/opt/ros/humble/include/rclcpp/rclcpp/callback_group.hpp:24[m[K,
[2.001s]                  from [01m[K/opt/ros/humble/include/rclcpp/rclcpp/any_executable.hpp:20[m[K,
[2.001s]                  from [01m[K/opt/ros/humble/include/rclcpp/rclcpp/memory_strategy.hpp:25[m[K,
[2.001s]                  from [01m[K/opt/ros/humble/include/rclcpp/rclcpp/memory_strategies.hpp:18[m[K,
[2.001s]                  from [01m[K/opt/ros/humble/include/rclcpp/rclcpp/executor_options.hpp:20[m[K,
[2.001s]                  from [01m[K/opt/ros/humble/include/rclcpp/rclcpp/executor.hpp:37[m[K,
[2.002s]                  from [01m[K/opt/ros/humble/include/rclcpp/rclcpp/executors/multi_threaded_executor.hpp:25[m[K,
[2.002s]                  from [01m[K/opt/ros/humble/include/rclcpp/rclcpp/executors.hpp:21[m[K,
[2.002s]                  from [01m[K/opt/ros/humble/include/rclcpp/rclcpp/rclcpp.hpp:155[m[K,
[2.002s]                  from [01m[K/home/hilal/ros2_ws/src/turtle_flower_cpp/src/flower_drawer.cpp:1[m[K:
[2.002s] [01m[K/home/hilal/ros2_ws/src/turtle_flower_cpp/src/flower_drawer.cpp:[m[K In member function â€˜[01m[Kvoid TurtleFlower::set_pen(bool)[m[Kâ€™:
[2.002s] [01m[K/home/hilal/ros2_ws/src/turtle_flower_cpp/src/flower_drawer.cpp:36:25:[m[K [01;31m[Kerror: [m[Kâ€˜[01m[Kthiss[m[Kâ€™ was not declared in this scope; did you mean â€˜[01m[Kthis[m[Kâ€™?
[2.002s]    36 |             RCLCPP_INFO([01;31m[Kthiss[m[K+->get_logger());
[2.002s]       |                         [01;31m[K^~~~~[m[K
[2.002s] [01m[K/home/hilal/ros2_ws/src/turtle_flower_cpp/src/flower_drawer.cpp:36:31:[m[K [01;31m[Kerror: [m[Kexpected primary-expression before â€˜[01m[K->[m[Kâ€™ token
[2.002s]    36 |             RCLCPP_INFO(thiss+[01;31m[K->[m[Kget_logger());
[2.002s]       |                               [01;31m[K^~[m[K
[2.002s] [01m[K/home/hilal/ros2_ws/src/turtle_flower_cpp/src/flower_drawer.cpp:36:13:[m[K [01;31m[Kerror: [m[Ktemplate argument 1 is invalid
[2.002s]    36 |             [01;31m[KRCLCPP_INFO[m[K(thiss+->get_logger());
[2.002s]       |             [01;31m[K^~~~~~~~~~~[m[K
[2.002s] In file included from [01m[K/opt/ros/humble/include/rclcpp/rclcpp/logging.hpp:24[m[K,
[2.003s]                  from [01m[K/opt/ros/humble/include/rclcpp/rclcpp/client.hpp:40[m[K,
[2.003s]                  from [01m[K/opt/ros/humble/include/rclcpp/rclcpp/callback_group.hpp:24[m[K,
[2.003s]                  from [01m[K/opt/ros/humble/include/rclcpp/rclcpp/any_executable.hpp:20[m[K,
[2.003s]                  from [01m[K/opt/ros/humble/include/rclcpp/rclcpp/memory_strategy.hpp:25[m[K,
[2.003s]                  from [01m[K/opt/ros/humble/include/rclcpp/rclcpp/memory_strategies.hpp:18[m[K,
[2.003s]                  from [01m[K/opt/ros/humble/include/rclcpp/rclcpp/executor_options.hpp:20[m[K,
[2.003s]                  from [01m[K/opt/ros/humble/include/rclcpp/rclcpp/executor.hpp:37[m[K,
[2.003s]                  from [01m[K/opt/ros/humble/include/rclcpp/rclcpp/executors/multi_threaded_executor.hpp:25[m[K,
[2.003s]                  from [01m[K/opt/ros/humble/include/rclcpp/rclcpp/executors.hpp:21[m[K,
[2.003s]                  from [01m[K/opt/ros/humble/include/rclcpp/rclcpp/rclcpp.hpp:155[m[K,
[2.003s]                  from [01m[K/home/hilal/ros2_ws/src/turtle_flower_cpp/src/flower_drawer.cpp:1[m[K:
[2.003s] [01m[K/home/hilal/ros2_ws/src/turtle_flower_cpp/src/flower_drawer.cpp:36:31:[m[K [01;31m[Kerror: [m[Kexpected primary-expression before â€˜[01m[K->[m[Kâ€™ token
[2.003s]    36 |             RCLCPP_INFO(thiss+[01;31m[K->[m[Kget_logger());
[2.003s]       |                               [01;31m[K^~[m[K
[2.003s] [01m[K/home/hilal/ros2_ws/src/turtle_flower_cpp/src/flower_drawer.cpp:36:31:[m[K [01;31m[Kerror: [m[Kexpected primary-expression before â€˜[01m[K->[m[Kâ€™ token
[2.003s]    36 |             RCLCPP_INFO(thiss+[01;31m[K->[m[Kget_logger());
[2.003s]       |                               [01;31m[K^~[m[K
[2.003s] [01m[K/home/hilal/ros2_ws/src/turtle_flower_cpp/src/flower_drawer.cpp:36:13:[m[K [01;31m[Kerror: [m[Kexpected primary-expression before â€˜[01m[K)[m[Kâ€™ token
[2.003s]    36 |             [01;31m[KRCLCPP_INFO[m[K(thiss+->get_logger());
[2.003s]       |             [01;31m[K^~~~~~~~~~~[m[K
[2.003s] [01m[K/home/hilal/ros2_ws/src/turtle_flower_cpp/src/flower_drawer.cpp:40:21:[m[K [01;35m[Kwarning: [m[Kvalue computed is not used [[01;35m[K]8;;https://gcc.gnu.org/onlinedocs/gcc/Warning-Options.html#index-Wunused-value-Wunused-value]8;;[m[K]
[2.004s]    40 |         [01;35m[Krequest-> r == 255[m[K;
[2.004s]       |         [01;35m[K~~~~~~~~~~~~^~~~~~[m[K
[2.004s] [01m[K/home/hilal/ros2_ws/src/turtle_flower_cpp/src/flower_drawer.cpp:41:21:[m[K [01;35m[Kwarning: [m[Kvalue computed is not used [[01;35m[K]8;;https://gcc.gnu.org/onlinedocs/gcc/Warning-Options.html#index-Wunused-value-Wunused-value]8;;[m[K]
[2.004s]    41 |         [01;35m[Krequest-> g == 255[m[K;
[2.004s]       |         [01;35m[K~~~~~~~~~~~~^~~~~~[m[K
[2.004s] [01m[K/home/hilal/ros2_ws/src/turtle_flower_cpp/src/flower_drawer.cpp:42:21:[m[K [01;35m[Kwarning: [m[Kvalue computed is not used [[01;35m[K]8;;https://gcc.gnu.org/onlinedocs/gcc/Warning-Options.html#index-Wunused-value-Wunused-value]8;;[m[K]
[2.004s]    42 |         [01;35m[Krequest-> b == 255[m[K;
[2.004s]       |         [01;35m[K~~~~~~~~~~~~^~~~~~[m[K
[2.004s] [01m[K/home/hilal/ros2_ws/src/turtle_flower_cpp/src/flower_drawer.cpp:43:25:[m[K [01;35m[Kwarning: [m[Kvalue computed is not used [[01;35m[K]8;;https://gcc.gnu.org/onlinedocs/gcc/Warning-Options.html#index-Wunused-value-Wunused-value]8;;[m[K]
[2.004s]    43 |         [01;35m[Krequest-> width == 2[m[K;
[2.004s]       |         [01;35m[K~~~~~~~~~~~~~~~~^~~~[m[K
[2.004s] [01m[K/home/hilal/ros2_ws/src/turtle_flower_cpp/src/flower_drawer.cpp:44:19:[m[K [01;31m[Kerror: [m[Kâ€˜[01m[Kusing element_type = struct turtlesim::srv::SetPen_Request_<std::allocator<void> >[m[Kâ€™ {aka â€˜[01m[Kstruct turtlesim::srv::SetPen_Request_<std::allocator<void> >[m[Kâ€™} has no member named â€˜[01m[Ksetpen[m[Kâ€™
[2.004s]    44 |         request-> [01;31m[Ksetpen[m[K == off;
[2.004s]       |                   [01;31m[K^~~~~~[m[K
[2.006s] [01m[K/home/hilal/ros2_ws/src/turtle_flower_cpp/src/flower_drawer.cpp:44:29:[m[K [01;31m[Kerror: [m[Kâ€˜[01m[Koff[m[Kâ€™ was not declared in this scope
[2.006s]    44 |         request-> setpen == [01;31m[Koff[m[K;
[2.006s]       |                             [01;31m[K^~~[m[K
[2.008s] [01m[K/home/hilal/ros2_ws/src/turtle_flower_cpp/src/flower_drawer.cpp:32:23:[m[K [01;35m[Kwarning: [m[Kunused parameter â€˜[01m[Ksetpen[m[Kâ€™ [[01;35m[K]8;;https://gcc.gnu.org/onlinedocs/gcc/Warning-Options.html#index-Wunused-parameter-Wunused-parameter]8;;[m[K]
[2.008s]    32 |     void set_pen([01;35m[Kbool setpen[m[K)
[2.008s]       |                  [01;35m[K~~~~~^~~~~~[m[K
[2.621s] gmake[2]: *** [CMakeFiles/flower_drawer.dir/build.make:76: CMakeFiles/flower_drawer.dir/src/flower_drawer.cpp.o] Error 1
[2.621s] gmake[1]: *** [CMakeFiles/Makefile2:137: CMakeFiles/flower_drawer.dir/all] Error 2
[2.621s] gmake: *** [Makefile:146: all] Error 2
[2.623s] Invoked command in '/home/hilal/ros2_ws/build/turtle_flower_cpp' returned '2': CMAKE_PREFIX_PATH=${CMAKE_PREFIX_PATH}:/opt/ros/humble /usr/bin/cmake --build /home/hilal/ros2_ws/build/turtle_flower_cpp -- -j8 -l8
